0 info it worked if it ends with ok
1 verbose cli [ 'C:\\Program Files\\nodejs\\node.exe',
1 verbose cli   'C:\\Program Files\\nodejs\\node_modules\\npm\\bin\\npm-cli.js',
1 verbose cli   'run',
1 verbose cli   'setup' ]
2 info using npm@3.10.10
3 info using node@v6.11.5
4 verbose run-script [ 'presetup', 'setup', 'postsetup' ]
5 info lifecycle moodlemobile@3.4.0~presetup: moodlemobile@3.4.0
6 silly lifecycle moodlemobile@3.4.0~presetup: no script for presetup, continuing
7 info lifecycle moodlemobile@3.4.0~setup: moodlemobile@3.4.0
8 verbose lifecycle moodlemobile@3.4.0~setup: unsafe-perm in lifecycle true
9 verbose lifecycle moodlemobile@3.4.0~setup: PATH: C:\Program Files\nodejs\node_modules\npm\bin\node-gyp-bin;C:\moodlemobiledirectory\node_modules\.bin;C:\ProgramData\Oracle\Java\javapath;C:\Program Files (x86)\Intel\iCLS Client\;C:\Program Files\Intel\iCLS Client\;C:\WINDOWS\system32;C:\WINDOWS;C:\WINDOWS\System32\Wbem;C:\WINDOWS\System32\WindowsPowerShell\v1.0\;C:\Program Files (x86)\Intel\Intel(R) Management Engine Components\DAL;C:\Program Files\Intel\Intel(R) Management Engine Components\DAL;C:\Program Files (x86)\Intel\Intel(R) Management Engine Components\IPT;C:\Program Files\Intel\Intel(R) Management Engine Components\IPT;C:\Program Files (x86)\GtkSharp\2.12\bin;C:\Program Files\Java\jdk1.8.0_131\bin;C:\Users\SHEZAR-LAP\AppData\Local\Android\sdk;C:\Users\SHEZAR-LAP\AppData\Local\Android\sdk\platform-tools;C:\Program Files\Git\cmd;C:\Program Files\nodejs\;C:\Program Files (x86)\Bitvise SSH Client;C:\Users\SHEZAR-LAP\AppData\Roaming\Dashlane\4.6.6.23032\bin\Firefox_Extension\{442718d9-475e-452a-b3e1-fb1ee16b8e9f}\components;C:\Users\SHEZAR-LAP\AppData\Roaming\Dashlane\4.7.1.28771\bin\Firefox_Extension\{442718d9-475e-452a-b3e1-fb1ee16b8e9f}\components;C:\Users\SHEZAR-LAP\AppData\Roaming\Dashlane\4.7.1.28771\ucrt;C:\Users\SHEZAR-LAP\AppData\Local\Microsoft\WindowsApps;C:\Users\SHEZAR-LAP\AppData\Roaming\npm;C:\Program Files\Microsoft VS Code\bin
10 verbose lifecycle moodlemobile@3.4.0~setup: CWD: C:\moodlemobiledirectory
11 silly lifecycle moodlemobile@3.4.0~setup: Args: [ '/d /s /c',
11 silly lifecycle   'npm install && cordova prepare && bower install && gulp' ]
12 silly lifecycle moodlemobile@3.4.0~setup: Returned: code: 1  signal: null
13 info lifecycle moodlemobile@3.4.0~setup: Failed to exec setup script
14 verbose stack Error: moodlemobile@3.4.0 setup: `npm install && cordova prepare && bower install && gulp`
14 verbose stack Exit status 1
14 verbose stack     at EventEmitter.<anonymous> (C:\Program Files\nodejs\node_modules\npm\lib\utils\lifecycle.js:255:16)
14 verbose stack     at emitTwo (events.js:106:13)
14 verbose stack     at EventEmitter.emit (events.js:191:7)
14 verbose stack     at ChildProcess.<anonymous> (C:\Program Files\nodejs\node_modules\npm\lib\utils\spawn.js:40:14)
14 verbose stack     at emitTwo (events.js:106:13)
14 verbose stack     at ChildProcess.emit (events.js:191:7)
14 verbose stack     at maybeClose (internal/child_process.js:920:16)
14 verbose stack     at Process.ChildProcess._handle.onexit (internal/child_process.js:230:5)
15 verbose pkgid moodlemobile@3.4.0
16 verbose cwd C:\moodlemobiledirectory
17 error Windows_NT 10.0.15063
18 error argv "C:\\Program Files\\nodejs\\node.exe" "C:\\Program Files\\nodejs\\node_modules\\npm\\bin\\npm-cli.js" "run" "setup"
19 error node v6.11.5
20 error npm  v3.10.10
21 error code ELIFECYCLE
22 error moodlemobile@3.4.0 setup: `npm install && cordova prepare && bower install && gulp`
22 error Exit status 1
23 error Failed at the moodlemobile@3.4.0 setup script 'npm install && cordova prepare && bower install && gulp'.
23 error Make sure you have the latest version of node.js and npm installed.
23 error If you do, this is most likely a problem with the moodlemobile package,
23 error not with npm itself.
23 error Tell the author that this fails on your system:
23 error     npm install && cordova prepare && bower install && gulp
23 error You can get information on how to open an issue for this project with:
23 error     npm bugs moodlemobile
23 error Or if that isn't available, you can get their info via:
23 error     npm owner ls moodlemobile
23 error There is likely additional logging output above.
24 verbose exit [ 1, true ]
